[1.399s] Invoking command in '/home/mohab/ros2_ws/src/weather_pkg': DEBUGINFOD_URLS=https://debuginfod.ubuntu.com PYTHONPATH=/home/mohab/ros2_ws/build/weather_pkg/prefix_override:/usr/lib/python3/dist-packages/colcon_core/task/python/colcon_distutils_commands:/home/mohab/ros2_ws/install/weather_pkg/lib/python3.12/site-packages:${PYTHONPATH} /usr/bin/python3 -W ignore:setup.py install is deprecated -W ignore:easy_install command is deprecated setup.py egg_info --egg-base ../../build/weather_pkg build --build-base /home/mohab/ros2_ws/build/weather_pkg/build install --record /home/mohab/ros2_ws/build/weather_pkg/install.log --single-version-externally-managed install_data
[1.660s] running egg_info
[1.681s] writing ../../build/weather_pkg/weather_pkg.egg-info/PKG-INFO
[1.682s] writing dependency_links to ../../build/weather_pkg/weather_pkg.egg-info/dependency_links.txt
[1.682s] writing entry points to ../../build/weather_pkg/weather_pkg.egg-info/entry_points.txt
[1.683s] writing requirements to ../../build/weather_pkg/weather_pkg.egg-info/requires.txt
[1.683s] writing top-level names to ../../build/weather_pkg/weather_pkg.egg-info/top_level.txt
[1.723s] reading manifest file '../../build/weather_pkg/weather_pkg.egg-info/SOURCES.txt'
[1.724s] writing manifest file '../../build/weather_pkg/weather_pkg.egg-info/SOURCES.txt'
[1.724s] running build
[1.724s] running build_py
[1.725s] copying weather_pkg/temperature_node.py -> /home/mohab/ros2_ws/build/weather_pkg/build/lib/weather_pkg
[1.725s] running install
[1.731s] running install_lib
[1.749s] copying /home/mohab/ros2_ws/build/weather_pkg/build/lib/weather_pkg/temperature_node.py -> /home/mohab/ros2_ws/install/weather_pkg/lib/python3.12/site-packages/weather_pkg
[1.750s] byte-compiling /home/mohab/ros2_ws/install/weather_pkg/lib/python3.12/site-packages/weather_pkg/temperature_node.py to temperature_node.cpython-312.pyc
[1.751s] running install_data
[1.752s] running install_egg_info
[1.772s] removing '/home/mohab/ros2_ws/install/weather_pkg/lib/python3.12/site-packages/weather_pkg-0.0.0-py3.12.egg-info' (and everything under it)
[1.782s] Copying ../../build/weather_pkg/weather_pkg.egg-info to /home/mohab/ros2_ws/install/weather_pkg/lib/python3.12/site-packages/weather_pkg-0.0.0-py3.12.egg-info
[1.786s] running install_scripts
[1.934s] Installing humidity_node script to /home/mohab/ros2_ws/install/weather_pkg/lib/weather_pkg
[1.938s] Installing monitor_node script to /home/mohab/ros2_ws/install/weather_pkg/lib/weather_pkg
[1.939s] Installing pressure_node script to /home/mohab/ros2_ws/install/weather_pkg/lib/weather_pkg
[1.939s] Installing temperature_node script to /home/mohab/ros2_ws/install/weather_pkg/lib/weather_pkg
[1.939s] writing list of installed files to '/home/mohab/ros2_ws/build/weather_pkg/install.log'
[2.001s] Invoked command in '/home/mohab/ros2_ws/src/weather_pkg' returned '0': DEBUGINFOD_URLS=https://debuginfod.ubuntu.com PYTHONPATH=/home/mohab/ros2_ws/build/weather_pkg/prefix_override:/usr/lib/python3/dist-packages/colcon_core/task/python/colcon_distutils_commands:/home/mohab/ros2_ws/install/weather_pkg/lib/python3.12/site-packages:${PYTHONPATH} /usr/bin/python3 -W ignore:setup.py install is deprecated -W ignore:easy_install command is deprecated setup.py egg_info --egg-base ../../build/weather_pkg build --build-base /home/mohab/ros2_ws/build/weather_pkg/build install --record /home/mohab/ros2_ws/build/weather_pkg/install.log --single-version-externally-managed install_data
