[1.452s] Invoking command in '/home/mohab/ros2_ws/src/weather_pkg': DEBUGINFOD_URLS=https://debuginfod.ubuntu.com PYTHONPATH=/home/mohab/ros2_ws/build/weather_pkg/prefix_override:/usr/lib/python3/dist-packages/colcon_core/task/python/colcon_distutils_commands:/home/mohab/ros2_ws/install/weather_pkg/lib/python3.12/site-packages:${PYTHONPATH} /usr/bin/python3 -W ignore:setup.py install is deprecated -W ignore:easy_install command is deprecated setup.py egg_info --egg-base ../../build/weather_pkg build --build-base /home/mohab/ros2_ws/build/weather_pkg/build install --record /home/mohab/ros2_ws/build/weather_pkg/install.log --single-version-externally-managed install_data
[1.718s] running egg_info
[1.752s] writing ../../build/weather_pkg/weather_pkg.egg-info/PKG-INFO
[1.752s] writing dependency_links to ../../build/weather_pkg/weather_pkg.egg-info/dependency_links.txt
[1.752s] writing entry points to ../../build/weather_pkg/weather_pkg.egg-info/entry_points.txt
[1.752s] writing requirements to ../../build/weather_pkg/weather_pkg.egg-info/requires.txt
[1.752s] writing top-level names to ../../build/weather_pkg/weather_pkg.egg-info/top_level.txt
[1.789s] reading manifest file '../../build/weather_pkg/weather_pkg.egg-info/SOURCES.txt'
[1.790s] writing manifest file '../../build/weather_pkg/weather_pkg.egg-info/SOURCES.txt'
[1.791s] running build
[1.791s] running build_py
[1.791s] running install
[1.799s] running install_lib
[1.822s] running install_data
[1.822s] running install_egg_info
[1.845s] removing '/home/mohab/ros2_ws/install/weather_pkg/lib/python3.12/site-packages/weather_pkg-0.0.0-py3.12.egg-info' (and everything under it)
[1.851s] Copying ../../build/weather_pkg/weather_pkg.egg-info to /home/mohab/ros2_ws/install/weather_pkg/lib/python3.12/site-packages/weather_pkg-0.0.0-py3.12.egg-info
[1.851s] running install_scripts
[1.986s] Installing humidity_node script to /home/mohab/ros2_ws/install/weather_pkg/lib/weather_pkg
[1.987s] Installing monitor_node script to /home/mohab/ros2_ws/install/weather_pkg/lib/weather_pkg
[1.987s] Installing pressure_node script to /home/mohab/ros2_ws/install/weather_pkg/lib/weather_pkg
[1.988s] Installing temperature_node script to /home/mohab/ros2_ws/install/weather_pkg/lib/weather_pkg
[1.988s] writing list of installed files to '/home/mohab/ros2_ws/build/weather_pkg/install.log'
[2.036s] Invoked command in '/home/mohab/ros2_ws/src/weather_pkg' returned '0': DEBUGINFOD_URLS=https://debuginfod.ubuntu.com PYTHONPATH=/home/mohab/ros2_ws/build/weather_pkg/prefix_override:/usr/lib/python3/dist-packages/colcon_core/task/python/colcon_distutils_commands:/home/mohab/ros2_ws/install/weather_pkg/lib/python3.12/site-packages:${PYTHONPATH} /usr/bin/python3 -W ignore:setup.py install is deprecated -W ignore:easy_install command is deprecated setup.py egg_info --egg-base ../../build/weather_pkg build --build-base /home/mohab/ros2_ws/build/weather_pkg/build install --record /home/mohab/ros2_ws/build/weather_pkg/install.log --single-version-externally-managed install_data
