[0.090s] DEBUG:colcon:Command line arguments: ['/usr/bin/colcon', 'build']
[0.090s] DEBUG:colcon:Parsed command line arguments: Namespace(log_base=None, log_level=None, verb_name='build', build_base='build', install_base='install', merge_install=False, symlink_install=False, test_result_base=None, continue_on_error=False, executor='parallel', parallel_workers=4, event_handlers=None, ignore_user_meta=False, metas=['./colcon.meta'], base_paths=['.'], packages_ignore=None, packages_ignore_regex=None, paths=None, packages_up_to=None, packages_up_to_regex=None, packages_above=None, packages_above_and_dependencies=None, packages_above_depth=None, packages_select_by_dep=None, packages_skip_by_dep=None, packages_skip_up_to=None, packages_select_build_failed=False, packages_skip_build_finished=False, packages_select_test_failures=False, packages_skip_test_passed=False, packages_select=None, packages_skip=None, packages_select_regex=None, packages_skip_regex=None, packages_start=None, packages_end=None, cmake_args=None, cmake_target=None, cmake_target_skip_unavailable=False, cmake_clean_cache=False, cmake_clean_first=False, cmake_force_configure=False, ament_cmake_args=None, catkin_cmake_args=None, catkin_skip_building_tests=False, verb_parser=<colcon_defaults.argument_parser.defaults.DefaultArgumentsDecorator object at 0x7f33d1007a10>, verb_extension=<colcon_core.verb.build.BuildVerb object at 0x7f33d114c590>, main=<bound method BuildVerb.main of <colcon_core.verb.build.BuildVerb object at 0x7f33d114c590>>)
[0.123s] Level 1:colcon.colcon_core.package_discovery:discover_packages(colcon_meta) check parameters
[0.123s] Level 1:colcon.colcon_core.package_discovery:discover_packages(recursive) check parameters
[0.123s] Level 1:colcon.colcon_core.package_discovery:discover_packages(ignore) check parameters
[0.123s] Level 1:colcon.colcon_core.package_discovery:discover_packages(path) check parameters
[0.123s] Level 1:colcon.colcon_core.package_discovery:discover_packages(colcon_meta) discover
[0.123s] Level 1:colcon.colcon_core.package_discovery:discover_packages(recursive) discover
[0.123s] INFO:colcon.colcon_core.package_discovery:Crawling recursively for packages in '/home/mohab/ros2_ws'
[0.123s] Level 1:colcon.colcon_core.package_identification:_identify(.) by extensions ['ignore', 'ignore_ament_install']
[0.124s] Level 1:colcon.colcon_core.package_identification:_identify(.) by extension 'ignore'
[0.124s] Level 1:colcon.colcon_core.package_identification:_identify(.) by extension 'ignore_ament_install'
[0.124s] Level 1:colcon.colcon_core.package_identification:_identify(.) by extensions ['colcon_pkg']
[0.124s] Level 1:colcon.colcon_core.package_identification:_identify(.) by extension 'colcon_pkg'
[0.124s] Level 1:colcon.colcon_core.package_identification:_identify(.) by extensions ['colcon_meta']
[0.124s] Level 1:colcon.colcon_core.package_identification:_identify(.) by extension 'colcon_meta'
[0.124s] Level 1:colcon.colcon_core.package_identification:_identify(.) by extensions ['ros']
[0.124s] Level 1:colcon.colcon_core.package_identification:_identify(.) by extension 'ros'
[0.144s] Level 1:colcon.colcon_core.package_identification:_identify(.) by extensions ['cmake', 'python']
[0.144s] Level 1:colcon.colcon_core.package_identification:_identify(.) by extension 'cmake'
[0.144s] Level 1:colcon.colcon_core.package_identification:_identify(.) by extension 'python'
[0.144s] Level 1:colcon.colcon_core.package_identification:_identify(.) by extensions ['python_setup_py']
[0.144s] Level 1:colcon.colcon_core.package_identification:_identify(.) by extension 'python_setup_py'
[0.144s] Level 1:colcon.colcon_core.package_identification:_identify(build) by extensions ['ignore', 'ignore_ament_install']
[0.144s] Level 1:colcon.colcon_core.package_identification:_identify(build) by extension 'ignore'
[0.144s] Level 1:colcon.colcon_core.package_identification:_identify(build) ignored
[0.145s] Level 1:colcon.colcon_core.package_identification:_identify(install) by extensions ['ignore', 'ignore_ament_install']
[0.145s] Level 1:colcon.colcon_core.package_identification:_identify(install) by extension 'ignore'
[0.145s] Level 1:colcon.colcon_core.package_identification:_identify(install) ignored
[0.145s] Level 1:colcon.colcon_core.package_identification:_identify(log) by extensions ['ignore', 'ignore_ament_install']
[0.145s] Level 1:colcon.colcon_core.package_identification:_identify(log) by extension 'ignore'
[0.145s] Level 1:colcon.colcon_core.package_identification:_identify(log) ignored
[0.145s] Level 1:colcon.colcon_core.package_identification:_identify(src) by extensions ['ignore', 'ignore_ament_install']
[0.145s] Level 1:colcon.colcon_core.package_identification:_identify(src) by extension 'ignore'
[0.145s] Level 1:colcon.colcon_core.package_identification:_identify(src) by extension 'ignore_ament_install'
[0.145s] Level 1:colcon.colcon_core.package_identification:_identify(src) by extensions ['colcon_pkg']
[0.145s] Level 1:colcon.colcon_core.package_identification:_identify(src) by extension 'colcon_pkg'
[0.145s] Level 1:colcon.colcon_core.package_identification:_identify(src) by extensions ['colcon_meta']
[0.145s] Level 1:colcon.colcon_core.package_identification:_identify(src) by extension 'colcon_meta'
[0.145s] Level 1:colcon.colcon_core.package_identification:_identify(src) by extensions ['ros']
[0.145s] Level 1:colcon.colcon_core.package_identification:_identify(src) by extension 'ros'
[0.146s] Level 1:colcon.colcon_core.package_identification:_identify(src) by extensions ['cmake', 'python']
[0.146s] Level 1:colcon.colcon_core.package_identification:_identify(src) by extension 'cmake'
[0.146s] Level 1:colcon.colcon_core.package_identification:_identify(src) by extension 'python'
[0.146s] Level 1:colcon.colcon_core.package_identification:_identify(src) by extensions ['python_setup_py']
[0.146s] Level 1:colcon.colcon_core.package_identification:_identify(src) by extension 'python_setup_py'
[0.146s] Level 1:colcon.colcon_core.package_identification:_identify(src/py_pkg) by extensions ['ignore', 'ignore_ament_install']
[0.146s] Level 1:colcon.colcon_core.package_identification:_identify(src/py_pkg) by extension 'ignore'
[0.146s] Level 1:colcon.colcon_core.package_identification:_identify(src/py_pkg) by extension 'ignore_ament_install'
[0.146s] Level 1:colcon.colcon_core.package_identification:_identify(src/py_pkg) by extensions ['colcon_pkg']
[0.146s] Level 1:colcon.colcon_core.package_identification:_identify(src/py_pkg) by extension 'colcon_pkg'
[0.146s] Level 1:colcon.colcon_core.package_identification:_identify(src/py_pkg) by extensions ['colcon_meta']
[0.146s] Level 1:colcon.colcon_core.package_identification:_identify(src/py_pkg) by extension 'colcon_meta'
[0.146s] Level 1:colcon.colcon_core.package_identification:_identify(src/py_pkg) by extensions ['ros']
[0.146s] Level 1:colcon.colcon_core.package_identification:_identify(src/py_pkg) by extension 'ros'
[0.149s] DEBUG:colcon.colcon_core.package_identification:Package 'src/py_pkg' with type 'ros.ament_python' and name 'py_pkg'
[0.149s] Level 1:colcon.colcon_core.package_identification:_identify(src/turtle_pkg) by extensions ['ignore', 'ignore_ament_install']
[0.149s] Level 1:colcon.colcon_core.package_identification:_identify(src/turtle_pkg) by extension 'ignore'
[0.149s] Level 1:colcon.colcon_core.package_identification:_identify(src/turtle_pkg) by extension 'ignore_ament_install'
[0.149s] Level 1:colcon.colcon_core.package_identification:_identify(src/turtle_pkg) by extensions ['colcon_pkg']
[0.149s] Level 1:colcon.colcon_core.package_identification:_identify(src/turtle_pkg) by extension 'colcon_pkg'
[0.149s] Level 1:colcon.colcon_core.package_identification:_identify(src/turtle_pkg) by extensions ['colcon_meta']
[0.149s] Level 1:colcon.colcon_core.package_identification:_identify(src/turtle_pkg) by extension 'colcon_meta'
[0.149s] Level 1:colcon.colcon_core.package_identification:_identify(src/turtle_pkg) by extensions ['ros']
[0.149s] Level 1:colcon.colcon_core.package_identification:_identify(src/turtle_pkg) by extension 'ros'
[0.150s] DEBUG:colcon.colcon_core.package_identification:Package 'src/turtle_pkg' with type 'ros.ament_python' and name 'turtle_pkg'
[0.150s] Level 1:colcon.colcon_core.package_identification:_identify(src/weather_pkg) by extensions ['ignore', 'ignore_ament_install']
[0.150s] Level 1:colcon.colcon_core.package_identification:_identify(src/weather_pkg) by extension 'ignore'
[0.150s] Level 1:colcon.colcon_core.package_identification:_identify(src/weather_pkg) by extension 'ignore_ament_install'
[0.150s] Level 1:colcon.colcon_core.package_identification:_identify(src/weather_pkg) by extensions ['colcon_pkg']
[0.150s] Level 1:colcon.colcon_core.package_identification:_identify(src/weather_pkg) by extension 'colcon_pkg'
[0.150s] Level 1:colcon.colcon_core.package_identification:_identify(src/weather_pkg) by extensions ['colcon_meta']
[0.150s] Level 1:colcon.colcon_core.package_identification:_identify(src/weather_pkg) by extension 'colcon_meta'
[0.150s] Level 1:colcon.colcon_core.package_identification:_identify(src/weather_pkg) by extensions ['ros']
[0.150s] Level 1:colcon.colcon_core.package_identification:_identify(src/weather_pkg) by extension 'ros'
[0.151s] DEBUG:colcon.colcon_core.package_identification:Package 'src/weather_pkg' with type 'ros.ament_python' and name 'weather_pkg'
[0.151s] Level 1:colcon.colcon_core.package_discovery:discover_packages(recursive) using defaults
[0.151s] Level 1:colcon.colcon_core.package_discovery:discover_packages(ignore) discover
[0.151s] Level 1:colcon.colcon_core.package_discovery:discover_packages(ignore) using defaults
[0.151s] Level 1:colcon.colcon_core.package_discovery:discover_packages(path) discover
[0.151s] Level 1:colcon.colcon_core.package_discovery:discover_packages(path) using defaults
[0.165s] Level 5:colcon.colcon_core.verb:set package 'py_pkg' build argument 'cmake_args' from command line to 'None'
[0.165s] Level 5:colcon.colcon_core.verb:set package 'py_pkg' build argument 'cmake_target' from command line to 'None'
[0.166s] Level 5:colcon.colcon_core.verb:set package 'py_pkg' build argument 'cmake_target_skip_unavailable' from command line to 'False'
[0.166s] Level 5:colcon.colcon_core.verb:set package 'py_pkg' build argument 'cmake_clean_cache' from command line to 'False'
[0.166s] Level 5:colcon.colcon_core.verb:set package 'py_pkg' build argument 'cmake_clean_first' from command line to 'False'
[0.166s] Level 5:colcon.colcon_core.verb:set package 'py_pkg' build argument 'cmake_force_configure' from command line to 'False'
[0.166s] Level 5:colcon.colcon_core.verb:set package 'py_pkg' build argument 'ament_cmake_args' from command line to 'None'
[0.166s] Level 5:colcon.colcon_core.verb:set package 'py_pkg' build argument 'catkin_cmake_args' from command line to 'None'
[0.166s] Level 5:colcon.colcon_core.verb:set package 'py_pkg' build argument 'catkin_skip_building_tests' from command line to 'False'
[0.166s] DEBUG:colcon.colcon_core.verb:Building package 'py_pkg' with the following arguments: {'ament_cmake_args': None, 'build_base': '/home/mohab/ros2_ws/build/py_pkg', 'catkin_cmake_args': None, 'catkin_skip_building_tests': False, 'cmake_args': None, 'cmake_clean_cache': False, 'cmake_clean_first': False, 'cmake_force_configure': False, 'cmake_target': None, 'cmake_target_skip_unavailable': False, 'install_base': '/home/mohab/ros2_ws/install/py_pkg', 'merge_install': False, 'path': '/home/mohab/ros2_ws/src/py_pkg', 'symlink_install': False, 'test_result_base': None}
[0.166s] Level 5:colcon.colcon_core.verb:set package 'turtle_pkg' build argument 'cmake_args' from command line to 'None'
[0.166s] Level 5:colcon.colcon_core.verb:set package 'turtle_pkg' build argument 'cmake_target' from command line to 'None'
[0.166s] Level 5:colcon.colcon_core.verb:set package 'turtle_pkg' build argument 'cmake_target_skip_unavailable' from command line to 'False'
[0.166s] Level 5:colcon.colcon_core.verb:set package 'turtle_pkg' build argument 'cmake_clean_cache' from command line to 'False'
[0.166s] Level 5:colcon.colcon_core.verb:set package 'turtle_pkg' build argument 'cmake_clean_first' from command line to 'False'
[0.166s] Level 5:colcon.colcon_core.verb:set package 'turtle_pkg' build argument 'cmake_force_configure' from command line to 'False'
[0.166s] Level 5:colcon.colcon_core.verb:set package 'turtle_pkg' build argument 'ament_cmake_args' from command line to 'None'
[0.166s] Level 5:colcon.colcon_core.verb:set package 'turtle_pkg' build argument 'catkin_cmake_args' from command line to 'None'
[0.166s] Level 5:colcon.colcon_core.verb:set package 'turtle_pkg' build argument 'catkin_skip_building_tests' from command line to 'False'
[0.166s] DEBUG:colcon.colcon_core.verb:Building package 'turtle_pkg' with the following arguments: {'ament_cmake_args': None, 'build_base': '/home/mohab/ros2_ws/build/turtle_pkg', 'catkin_cmake_args': None, 'catkin_skip_building_tests': False, 'cmake_args': None, 'cmake_clean_cache': False, 'cmake_clean_first': False, 'cmake_force_configure': False, 'cmake_target': None, 'cmake_target_skip_unavailable': False, 'install_base': '/home/mohab/ros2_ws/install/turtle_pkg', 'merge_install': False, 'path': '/home/mohab/ros2_ws/src/turtle_pkg', 'symlink_install': False, 'test_result_base': None}
[0.167s] Level 5:colcon.colcon_core.verb:set package 'weather_pkg' build argument 'cmake_args' from command line to 'None'
[0.167s] Level 5:colcon.colcon_core.verb:set package 'weather_pkg' build argument 'cmake_target' from command line to 'None'
[0.167s] Level 5:colcon.colcon_core.verb:set package 'weather_pkg' build argument 'cmake_target_skip_unavailable' from command line to 'False'
[0.167s] Level 5:colcon.colcon_core.verb:set package 'weather_pkg' build argument 'cmake_clean_cache' from command line to 'False'
[0.167s] Level 5:colcon.colcon_core.verb:set package 'weather_pkg' build argument 'cmake_clean_first' from command line to 'False'
[0.167s] Level 5:colcon.colcon_core.verb:set package 'weather_pkg' build argument 'cmake_force_configure' from command line to 'False'
[0.167s] Level 5:colcon.colcon_core.verb:set package 'weather_pkg' build argument 'ament_cmake_args' from command line to 'None'
[0.167s] Level 5:colcon.colcon_core.verb:set package 'weather_pkg' build argument 'catkin_cmake_args' from command line to 'None'
[0.167s] Level 5:colcon.colcon_core.verb:set package 'weather_pkg' build argument 'catkin_skip_building_tests' from command line to 'False'
[0.167s] DEBUG:colcon.colcon_core.verb:Building package 'weather_pkg' with the following arguments: {'ament_cmake_args': None, 'build_base': '/home/mohab/ros2_ws/build/weather_pkg', 'catkin_cmake_args': None, 'catkin_skip_building_tests': False, 'cmake_args': None, 'cmake_clean_cache': False, 'cmake_clean_first': False, 'cmake_force_configure': False, 'cmake_target': None, 'cmake_target_skip_unavailable': False, 'install_base': '/home/mohab/ros2_ws/install/weather_pkg', 'merge_install': False, 'path': '/home/mohab/ros2_ws/src/weather_pkg', 'symlink_install': False, 'test_result_base': None}
[0.167s] INFO:colcon.colcon_core.executor:Executing jobs using 'parallel' executor
[0.169s] DEBUG:colcon.colcon_parallel_executor.executor.parallel:run_until_complete
[0.169s] INFO:colcon.colcon_ros.task.ament_python.build:Building ROS package in '/home/mohab/ros2_ws/src/py_pkg' with build type 'ament_python'
[0.169s] Level 1:colcon.colcon_core.shell:create_environment_hook('py_pkg', 'ament_prefix_path')
[0.173s] INFO:colcon.colcon_core.plugin_system:Skipping extension 'colcon_core.shell.bat': Not used on non-Windows systems
[0.174s] INFO:colcon.colcon_core.shell:Creating environment descriptor '/home/mohab/ros2_ws/install/py_pkg/share/py_pkg/hook/ament_prefix_path.dsv'
[0.174s] INFO:colcon.colcon_core.shell:Creating environment hook '/home/mohab/ros2_ws/install/py_pkg/share/py_pkg/hook/ament_prefix_path.sh'
[0.176s] DEBUG:colcon.colcon_core.shell:Skip shell extension 'dsv' for command environment
[0.190s] INFO:colcon.colcon_ros.task.ament_python.build:Building ROS package in '/home/mohab/ros2_ws/src/turtle_pkg' with build type 'ament_python'
[0.191s] Level 1:colcon.colcon_core.shell:create_environment_hook('turtle_pkg', 'ament_prefix_path')
[0.191s] INFO:colcon.colcon_core.shell:Creating environment descriptor '/home/mohab/ros2_ws/install/turtle_pkg/share/turtle_pkg/hook/ament_prefix_path.dsv'
[0.195s] INFO:colcon.colcon_core.shell:Creating environment hook '/home/mohab/ros2_ws/install/turtle_pkg/share/turtle_pkg/hook/ament_prefix_path.sh'
[0.201s] DEBUG:colcon.colcon_core.shell:Skip shell extension 'dsv' for command environment
[0.211s] INFO:colcon.colcon_ros.task.ament_python.build:Building ROS package in '/home/mohab/ros2_ws/src/weather_pkg' with build type 'ament_python'
[0.211s] Level 1:colcon.colcon_core.shell:create_environment_hook('weather_pkg', 'ament_prefix_path')
[0.211s] INFO:colcon.colcon_core.shell:Creating environment descriptor '/home/mohab/ros2_ws/install/weather_pkg/share/weather_pkg/hook/ament_prefix_path.dsv'
[0.212s] INFO:colcon.colcon_core.shell:Creating environment hook '/home/mohab/ros2_ws/install/weather_pkg/share/weather_pkg/hook/ament_prefix_path.sh'
[0.214s] DEBUG:colcon.colcon_core.shell:Skip shell extension 'dsv' for command environment
[0.458s] INFO:colcon.colcon_core.task.python.build:Building Python package in '/home/mohab/ros2_ws/src/py_pkg'
[0.458s] DEBUG:colcon.colcon_core.shell:Skip shell extension 'dsv' for command environment
[0.680s] INFO:colcon.colcon_core.task.python.build:Building Python package in '/home/mohab/ros2_ws/src/turtle_pkg'
[0.682s] DEBUG:colcon.colcon_core.shell:Skip shell extension 'dsv' for command environment
[0.917s] INFO:colcon.colcon_core.task.python.build:Building Python package in '/home/mohab/ros2_ws/src/weather_pkg'
[0.917s] DEBUG:colcon.colcon_core.shell:Skip shell extension 'dsv' for command environment
[1.434s] DEBUG:colcon.colcon_core.event_handler.log_command:Invoking command in '/home/mohab/ros2_ws/src/weather_pkg': DEBUGINFOD_URLS=https://debuginfod.ubuntu.com PYTHONPATH=/home/mohab/ros2_ws/build/weather_pkg/prefix_override:/usr/lib/python3/dist-packages/colcon_core/task/python/colcon_distutils_commands:/home/mohab/ros2_ws/install/weather_pkg/lib/python3.12/site-packages:${PYTHONPATH} /usr/bin/python3 -W ignore:setup.py install is deprecated -W ignore:easy_install command is deprecated setup.py egg_info --egg-base ../../build/weather_pkg build --build-base /home/mohab/ros2_ws/build/weather_pkg/build install --record /home/mohab/ros2_ws/build/weather_pkg/install.log --single-version-externally-managed install_data
[1.451s] DEBUG:colcon.colcon_core.event_handler.log_command:Invoking command in '/home/mohab/ros2_ws/src/py_pkg': DEBUGINFOD_URLS=https://debuginfod.ubuntu.com PYTHONPATH=/home/mohab/ros2_ws/build/py_pkg/prefix_override:/usr/lib/python3/dist-packages/colcon_core/task/python/colcon_distutils_commands:/home/mohab/ros2_ws/install/py_pkg/lib/python3.12/site-packages:${PYTHONPATH} /usr/bin/python3 -W ignore:setup.py install is deprecated -W ignore:easy_install command is deprecated setup.py egg_info --egg-base ../../build/py_pkg build --build-base /home/mohab/ros2_ws/build/py_pkg/build install --record /home/mohab/ros2_ws/build/py_pkg/install.log --single-version-externally-managed install_data
[1.452s] DEBUG:colcon.colcon_core.event_handler.log_command:Invoking command in '/home/mohab/ros2_ws/src/turtle_pkg': DEBUGINFOD_URLS=https://debuginfod.ubuntu.com PYTHONPATH=/home/mohab/ros2_ws/build/turtle_pkg/prefix_override:/usr/lib/python3/dist-packages/colcon_core/task/python/colcon_distutils_commands:/home/mohab/ros2_ws/install/turtle_pkg/lib/python3.12/site-packages:${PYTHONPATH} /usr/bin/python3 -W ignore:setup.py install is deprecated -W ignore:easy_install command is deprecated setup.py egg_info --egg-base ../../build/turtle_pkg build --build-base /home/mohab/ros2_ws/build/turtle_pkg/build install --record /home/mohab/ros2_ws/build/turtle_pkg/install.log --single-version-externally-managed install_data
[1.980s] DEBUG:colcon.colcon_core.event_handler.log_command:Invoked command in '/home/mohab/ros2_ws/src/py_pkg' returned '0': DEBUGINFOD_URLS=https://debuginfod.ubuntu.com PYTHONPATH=/home/mohab/ros2_ws/build/py_pkg/prefix_override:/usr/lib/python3/dist-packages/colcon_core/task/python/colcon_distutils_commands:/home/mohab/ros2_ws/install/py_pkg/lib/python3.12/site-packages:${PYTHONPATH} /usr/bin/python3 -W ignore:setup.py install is deprecated -W ignore:easy_install command is deprecated setup.py egg_info --egg-base ../../build/py_pkg build --build-base /home/mohab/ros2_ws/build/py_pkg/build install --record /home/mohab/ros2_ws/build/py_pkg/install.log --single-version-externally-managed install_data
[1.982s] Level 1:colcon.colcon_core.environment:checking '/home/mohab/ros2_ws/install/py_pkg' for CMake module files
[1.982s] Level 1:colcon.colcon_core.environment:checking '/home/mohab/ros2_ws/install/py_pkg' for CMake config files
[1.982s] Level 1:colcon.colcon_core.environment:checking '/home/mohab/ros2_ws/install/py_pkg/lib'
[1.983s] Level 1:colcon.colcon_core.environment:checking '/home/mohab/ros2_ws/install/py_pkg/bin'
[1.983s] Level 1:colcon.colcon_core.environment:checking '/home/mohab/ros2_ws/install/py_pkg/lib/pkgconfig/py_pkg.pc'
[1.983s] Level 1:colcon.colcon_core.environment:checking '/home/mohab/ros2_ws/install/py_pkg/lib/python3.12/site-packages'
[1.983s] Level 1:colcon.colcon_core.shell:create_environment_hook('py_pkg', 'pythonpath')
[1.983s] INFO:colcon.colcon_core.shell:Creating environment descriptor '/home/mohab/ros2_ws/install/py_pkg/share/py_pkg/hook/pythonpath.dsv'
[1.983s] INFO:colcon.colcon_core.shell:Creating environment hook '/home/mohab/ros2_ws/install/py_pkg/share/py_pkg/hook/pythonpath.sh'
[1.984s] Level 1:colcon.colcon_core.environment:checking '/home/mohab/ros2_ws/install/py_pkg/bin'
[1.984s] Level 1:colcon.colcon_core.environment:create_environment_scripts_only(py_pkg)
[1.984s] INFO:colcon.colcon_core.shell:Creating package descriptor '/home/mohab/ros2_ws/install/py_pkg/share/py_pkg/package.dsv'
[1.985s] INFO:colcon.colcon_core.shell:Creating package script '/home/mohab/ros2_ws/install/py_pkg/share/py_pkg/package.sh'
[1.985s] INFO:colcon.colcon_core.shell:Creating package script '/home/mohab/ros2_ws/install/py_pkg/share/py_pkg/package.bash'
[1.986s] INFO:colcon.colcon_core.shell:Creating package script '/home/mohab/ros2_ws/install/py_pkg/share/py_pkg/package.zsh'
[1.986s] Level 1:colcon.colcon_core.environment:create_file_with_runtime_dependencies(/home/mohab/ros2_ws/install/py_pkg/share/colcon-core/packages/py_pkg)
[2.002s] Level 1:colcon.colcon_core.environment:checking '/home/mohab/ros2_ws/install/weather_pkg' for CMake module files
[2.003s] Level 1:colcon.colcon_core.environment:checking '/home/mohab/ros2_ws/install/weather_pkg' for CMake config files
[2.004s] Level 1:colcon.colcon_core.environment:checking '/home/mohab/ros2_ws/install/weather_pkg/lib'
[2.004s] Level 1:colcon.colcon_core.environment:checking '/home/mohab/ros2_ws/install/weather_pkg/bin'
[2.004s] Level 1:colcon.colcon_core.environment:checking '/home/mohab/ros2_ws/install/weather_pkg/lib/pkgconfig/weather_pkg.pc'
[2.004s] Level 1:colcon.colcon_core.environment:checking '/home/mohab/ros2_ws/install/weather_pkg/lib/python3.12/site-packages'
[2.004s] Level 1:colcon.colcon_core.shell:create_environment_hook('weather_pkg', 'pythonpath')
[2.005s] INFO:colcon.colcon_core.shell:Creating environment descriptor '/home/mohab/ros2_ws/install/weather_pkg/share/weather_pkg/hook/pythonpath.dsv'
[2.005s] INFO:colcon.colcon_core.shell:Creating environment hook '/home/mohab/ros2_ws/install/weather_pkg/share/weather_pkg/hook/pythonpath.sh'
[2.006s] Level 1:colcon.colcon_core.environment:checking '/home/mohab/ros2_ws/install/weather_pkg/bin'
[2.006s] Level 1:colcon.colcon_core.environment:create_environment_scripts_only(weather_pkg)
[2.006s] INFO:colcon.colcon_core.shell:Creating package descriptor '/home/mohab/ros2_ws/install/weather_pkg/share/weather_pkg/package.dsv'
[2.006s] INFO:colcon.colcon_core.shell:Creating package script '/home/mohab/ros2_ws/install/weather_pkg/share/weather_pkg/package.sh'
[2.007s] INFO:colcon.colcon_core.shell:Creating package script '/home/mohab/ros2_ws/install/weather_pkg/share/weather_pkg/package.bash'
[2.007s] INFO:colcon.colcon_core.shell:Creating package script '/home/mohab/ros2_ws/install/weather_pkg/share/weather_pkg/package.zsh'
[2.007s] Level 1:colcon.colcon_core.environment:create_file_with_runtime_dependencies(/home/mohab/ros2_ws/install/weather_pkg/share/colcon-core/packages/weather_pkg)
[2.017s] DEBUG:colcon.colcon_core.event_handler.log_command:Invoked command in '/home/mohab/ros2_ws/src/weather_pkg' returned '0': DEBUGINFOD_URLS=https://debuginfod.ubuntu.com PYTHONPATH=/home/mohab/ros2_ws/build/weather_pkg/prefix_override:/usr/lib/python3/dist-packages/colcon_core/task/python/colcon_distutils_commands:/home/mohab/ros2_ws/install/weather_pkg/lib/python3.12/site-packages:${PYTHONPATH} /usr/bin/python3 -W ignore:setup.py install is deprecated -W ignore:easy_install command is deprecated setup.py egg_info --egg-base ../../build/weather_pkg build --build-base /home/mohab/ros2_ws/build/weather_pkg/build install --record /home/mohab/ros2_ws/build/weather_pkg/install.log --single-version-externally-managed install_data
[2.049s] Level 1:colcon.colcon_core.environment:checking '/home/mohab/ros2_ws/install/turtle_pkg' for CMake module files
[2.052s] Level 1:colcon.colcon_core.environment:checking '/home/mohab/ros2_ws/install/turtle_pkg' for CMake config files
[2.053s] DEBUG:colcon.colcon_core.event_handler.log_command:Invoked command in '/home/mohab/ros2_ws/src/turtle_pkg' returned '0': DEBUGINFOD_URLS=https://debuginfod.ubuntu.com PYTHONPATH=/home/mohab/ros2_ws/build/turtle_pkg/prefix_override:/usr/lib/python3/dist-packages/colcon_core/task/python/colcon_distutils_commands:/home/mohab/ros2_ws/install/turtle_pkg/lib/python3.12/site-packages:${PYTHONPATH} /usr/bin/python3 -W ignore:setup.py install is deprecated -W ignore:easy_install command is deprecated setup.py egg_info --egg-base ../../build/turtle_pkg build --build-base /home/mohab/ros2_ws/build/turtle_pkg/build install --record /home/mohab/ros2_ws/build/turtle_pkg/install.log --single-version-externally-managed install_data
[2.054s] Level 1:colcon.colcon_core.environment:checking '/home/mohab/ros2_ws/install/turtle_pkg/lib'
[2.054s] Level 1:colcon.colcon_core.environment:checking '/home/mohab/ros2_ws/install/turtle_pkg/bin'
[2.054s] Level 1:colcon.colcon_core.environment:checking '/home/mohab/ros2_ws/install/turtle_pkg/lib/pkgconfig/turtle_pkg.pc'
[2.054s] Level 1:colcon.colcon_core.environment:checking '/home/mohab/ros2_ws/install/turtle_pkg/lib/python3.12/site-packages'
[2.054s] Level 1:colcon.colcon_core.shell:create_environment_hook('turtle_pkg', 'pythonpath')
[2.055s] INFO:colcon.colcon_core.shell:Creating environment descriptor '/home/mohab/ros2_ws/install/turtle_pkg/share/turtle_pkg/hook/pythonpath.dsv'
[2.055s] INFO:colcon.colcon_core.shell:Creating environment hook '/home/mohab/ros2_ws/install/turtle_pkg/share/turtle_pkg/hook/pythonpath.sh'
[2.057s] Level 1:colcon.colcon_core.environment:checking '/home/mohab/ros2_ws/install/turtle_pkg/bin'
[2.057s] Level 1:colcon.colcon_core.environment:create_environment_scripts_only(turtle_pkg)
[2.057s] INFO:colcon.colcon_core.shell:Creating package descriptor '/home/mohab/ros2_ws/install/turtle_pkg/share/turtle_pkg/package.dsv'
[2.058s] INFO:colcon.colcon_core.shell:Creating package script '/home/mohab/ros2_ws/install/turtle_pkg/share/turtle_pkg/package.sh'
[2.058s] INFO:colcon.colcon_core.shell:Creating package script '/home/mohab/ros2_ws/install/turtle_pkg/share/turtle_pkg/package.bash'
[2.059s] INFO:colcon.colcon_core.shell:Creating package script '/home/mohab/ros2_ws/install/turtle_pkg/share/turtle_pkg/package.zsh'
[2.060s] Level 1:colcon.colcon_core.environment:create_file_with_runtime_dependencies(/home/mohab/ros2_ws/install/turtle_pkg/share/colcon-core/packages/turtle_pkg)
[2.061s] DEBUG:colcon.colcon_parallel_executor.executor.parallel:closing loop
[2.061s] DEBUG:colcon.colcon_parallel_executor.executor.parallel:loop closed
[2.062s] DEBUG:colcon.colcon_parallel_executor.executor.parallel:run_until_complete finished with '0'
[2.062s] DEBUG:colcon.colcon_core.event_reactor:joining thread
[2.072s] INFO:colcon.colcon_core.plugin_system:Skipping extension 'colcon_notification.desktop_notification.terminal_notifier': Not used on non-Darwin systems
[2.072s] INFO:colcon.colcon_core.plugin_system:Skipping extension 'colcon_notification.desktop_notification.win32': Not used on non-Windows systems
[2.072s] INFO:colcon.colcon_notification.desktop_notification:Sending desktop notification using 'notify2'
[2.102s] DEBUG:colcon.colcon_core.event_reactor:joined thread
[2.102s] INFO:colcon.colcon_core.shell:Creating prefix script '/home/mohab/ros2_ws/install/local_setup.sh'
[2.103s] INFO:colcon.colcon_core.shell:Creating prefix util module '/home/mohab/ros2_ws/install/_local_setup_util_sh.py'
[2.106s] INFO:colcon.colcon_core.shell:Creating prefix chain script '/home/mohab/ros2_ws/install/setup.sh'
[2.109s] INFO:colcon.colcon_core.shell:Creating prefix script '/home/mohab/ros2_ws/install/local_setup.bash'
[2.110s] INFO:colcon.colcon_core.shell:Creating prefix chain script '/home/mohab/ros2_ws/install/setup.bash'
[2.114s] INFO:colcon.colcon_core.shell:Creating prefix script '/home/mohab/ros2_ws/install/local_setup.zsh'
[2.114s] INFO:colcon.colcon_core.shell:Creating prefix chain script '/home/mohab/ros2_ws/install/setup.zsh'
