[1.608s] Invoking command in '/home/mohab/ros2_ws/src/weather_pkg': DEBUGINFOD_URLS=https://debuginfod.ubuntu.com PYTHONPATH=/home/mohab/ros2_ws/build/weather_pkg/prefix_override:/usr/lib/python3/dist-packages/colcon_core/task/python/colcon_distutils_commands:/home/mohab/ros2_ws/install/weather_pkg/lib/python3.12/site-packages:${PYTHONPATH} /usr/bin/python3 -W ignore:setup.py install is deprecated -W ignore:easy_install command is deprecated setup.py egg_info --egg-base ../../build/weather_pkg build --build-base /home/mohab/ros2_ws/build/weather_pkg/build install --record /home/mohab/ros2_ws/build/weather_pkg/install.log --single-version-externally-managed install_data
[1.967s] running egg_info
[1.990s] writing ../../build/weather_pkg/weather_pkg.egg-info/PKG-INFO
[1.990s] writing dependency_links to ../../build/weather_pkg/weather_pkg.egg-info/dependency_links.txt
[1.991s] writing entry points to ../../build/weather_pkg/weather_pkg.egg-info/entry_points.txt
[1.991s] writing requirements to ../../build/weather_pkg/weather_pkg.egg-info/requires.txt
[1.991s] writing top-level names to ../../build/weather_pkg/weather_pkg.egg-info/top_level.txt
[2.032s] reading manifest file '../../build/weather_pkg/weather_pkg.egg-info/SOURCES.txt'
[2.034s] writing manifest file '../../build/weather_pkg/weather_pkg.egg-info/SOURCES.txt'
[2.035s] running build
[2.035s] running build_py
[2.035s] copying weather_pkg/pressure_node.py -> /home/mohab/ros2_ws/build/weather_pkg/build/lib/weather_pkg
[2.035s] copying weather_pkg/monitor_node.py -> /home/mohab/ros2_ws/build/weather_pkg/build/lib/weather_pkg
[2.036s] copying weather_pkg/humidity_node.py -> /home/mohab/ros2_ws/build/weather_pkg/build/lib/weather_pkg
[2.036s] copying weather_pkg/temperature_node.py -> /home/mohab/ros2_ws/build/weather_pkg/build/lib/weather_pkg
[2.036s] running install
[2.041s] running install_lib
[2.071s] copying /home/mohab/ros2_ws/build/weather_pkg/build/lib/weather_pkg/pressure_node.py -> /home/mohab/ros2_ws/install/weather_pkg/lib/python3.12/site-packages/weather_pkg
[2.071s] copying /home/mohab/ros2_ws/build/weather_pkg/build/lib/weather_pkg/monitor_node.py -> /home/mohab/ros2_ws/install/weather_pkg/lib/python3.12/site-packages/weather_pkg
[2.071s] copying /home/mohab/ros2_ws/build/weather_pkg/build/lib/weather_pkg/humidity_node.py -> /home/mohab/ros2_ws/install/weather_pkg/lib/python3.12/site-packages/weather_pkg
[2.071s] copying /home/mohab/ros2_ws/build/weather_pkg/build/lib/weather_pkg/temperature_node.py -> /home/mohab/ros2_ws/install/weather_pkg/lib/python3.12/site-packages/weather_pkg
[2.071s] byte-compiling /home/mohab/ros2_ws/install/weather_pkg/lib/python3.12/site-packages/weather_pkg/pressure_node.py to pressure_node.cpython-312.pyc
[2.071s] byte-compiling /home/mohab/ros2_ws/install/weather_pkg/lib/python3.12/site-packages/weather_pkg/monitor_node.py to monitor_node.cpython-312.pyc
[2.073s] byte-compiling /home/mohab/ros2_ws/install/weather_pkg/lib/python3.12/site-packages/weather_pkg/humidity_node.py to humidity_node.cpython-312.pyc
[2.073s] byte-compiling /home/mohab/ros2_ws/install/weather_pkg/lib/python3.12/site-packages/weather_pkg/temperature_node.py to temperature_node.cpython-312.pyc
[2.074s] running install_data
[2.074s] running install_egg_info
[2.094s] removing '/home/mohab/ros2_ws/install/weather_pkg/lib/python3.12/site-packages/weather_pkg-0.0.0-py3.12.egg-info' (and everything under it)
[2.098s] Copying ../../build/weather_pkg/weather_pkg.egg-info to /home/mohab/ros2_ws/install/weather_pkg/lib/python3.12/site-packages/weather_pkg-0.0.0-py3.12.egg-info
[2.100s] running install_scripts
[2.239s] Installing humidity_node script to /home/mohab/ros2_ws/install/weather_pkg/lib/weather_pkg
[2.367s] Installing monitor_node script to /home/mohab/ros2_ws/install/weather_pkg/lib/weather_pkg
[2.367s] Installing pressure_node script to /home/mohab/ros2_ws/install/weather_pkg/lib/weather_pkg
[2.367s] Installing temperature_node script to /home/mohab/ros2_ws/install/weather_pkg/lib/weather_pkg
[2.367s] writing list of installed files to '/home/mohab/ros2_ws/build/weather_pkg/install.log'
[2.407s] Invoked command in '/home/mohab/ros2_ws/src/weather_pkg' returned '0': DEBUGINFOD_URLS=https://debuginfod.ubuntu.com PYTHONPATH=/home/mohab/ros2_ws/build/weather_pkg/prefix_override:/usr/lib/python3/dist-packages/colcon_core/task/python/colcon_distutils_commands:/home/mohab/ros2_ws/install/weather_pkg/lib/python3.12/site-packages:${PYTHONPATH} /usr/bin/python3 -W ignore:setup.py install is deprecated -W ignore:easy_install command is deprecated setup.py egg_info --egg-base ../../build/weather_pkg build --build-base /home/mohab/ros2_ws/build/weather_pkg/build install --record /home/mohab/ros2_ws/build/weather_pkg/install.log --single-version-externally-managed install_data
